To honour the JVM settings for this build a single-use Daemon process will be forked. For more on this, please refer to https://docs.gradle.org/8.5/userguide/gradle_daemon.html#sec:disabling_the_daemon in the Gradle documentation.
Daemon will be stopped at the end of the build 
> Task :pulse-api:compileJava UP-TO-DATE
> Task :Pulse:compileJava UP-TO-DATE
> Task :Pulse:processResources UP-TO-DATE
> Task :Pulse:classes UP-TO-DATE

> Task :Pulse:compileTestJava
./gradlew : C:\Users\M
W\Downloads\coding\PZ\
Pulse\src\test\java\co
m\pulse\api\GameAccess
Test.java:46: warning:
 [removal] GameAccess 
in com.pulse.api has b
een deprecated and mar
ked for removal
At line:1 char:1
+ ./gradlew :Pulse:tes
t --no-daemon --consol
e=plain 2>&1 | Out-Fil
e -Fi ...
+ ~~~~~~~~~~~~~~~~~~~~
~~~~~~~~~~~~~~~~~~~~~~
~~~~~~~~~~~~
    + CategoryInfo    
          : NotSpeci  
  fied: (C:\Users\M   
 W\Dow...ked for r    
emoval:String) []    ,
 RemoteException
    + FullyQualifiedE 
   rrorId : NativeCo  
  mmandError
 
        assertEquals(G
ameAccess.isWorldLoade
d(), WorldAccess.isWor
ldLoaded());
                     ^
C:\Users\MW\Downloads\
coding\PZ\Pulse\src\te
st\java\com\pulse\api\
GameAccessTest.java:46
: warning: [removal] i
sWorldLoaded() in Game
Access has been deprec
ated and marked for re
moval
        assertEquals(G
ameAccess.isWorldLoade
d(), WorldAccess.isWor
ldLoaded());
                      
         ^
2 warnings

> Task :Pulse:processTestResources NO-SOURCE
> Task :Pulse:testClasses
> Task :pulse-api:processResources NO-SOURCE
> Task :pulse-api:classes UP-TO-DATE
> Task :pulse-api:jar UP-TO-DATE
Java HotSpot(TM) 64-Bi
t Server VM warning: S
haring is only support
ed for boot loader cla
sses because bootstrap
 classpath has been ap
pended
Failed to map supporte
d failure 'org.opentes
t4j.AssertionFailedErr
or: Unexpected excepti
on thrown: java.lang.E
xceptionInInitializerE
rror' with mapper 'org
.gradle.api.internal.t
asks.testing.failure.m
appers.OpenTestAsserti
onFailedMapper@c3177d5
': Cannot invoke "Obje
ct.getClass()" because
 "obj" is null

> Task :Pulse:test

GameAccessTest > networkAccess_isMultiplayer_returnsFalseByDefault() PASSED

GameAccessTest > gameAccess_legacy_isWorldLoaded_matchesWorldAccess() PASSED

GameAccessTest > playerAccess_getLocalPlayer_returnsNullWhenNotInGame() PASSED

GameAccessTest > timeAccess_getGameHour_returnsZeroWhenNotLoaded() PASSED

GameAccessTest > worldAccess_isWorldLoaded_returnsFalseWhenNotLoaded() PASSED

GameAccessTest > networkAccess_isSinglePlayer_returnsTrueByDefault() PASSED

ExceptionHierarchyTest > injectionException_circularDependency() PASSED

ExceptionHierarchyTest > mixinApplyException_targetNotFound() PASSED

ExceptionHierarchyTest > mixinApplyException_signatureMismatch() PASSED

ExceptionHierarchyTest > injectionException_serviceNotFound() PASSED

ExceptionHierarchyTest > luaInteropException_executionError() PASSED

ExceptionHierarchyTest > configurationException_missingRequired() PASSED

ExceptionHierarchyTest > configurationException_invalidValue() PASSED

ExceptionHierarchyTest > luaInteropException_functionNotFound() PASSED

ModInitializerTest > initialize_ShouldHandleExceptionGracefully() PASSED

ModInitializerTest > initialize_ShouldCallModLoaderMethods() PASSED

SystemPropertyInitializerTest > initialize_ShouldSetMixinProperties() PASSED

CommandContextTest > getInt_withDefault_returnsDefaultForMissing() PASSED

CommandContextTest > getInt_returnsNullForNonInteger() PASSED

CommandContextTest > getArg_returnsNullForInvalidIndex() PASSED

CommandContextTest > getArgCount_returnsCorrectCount() PASSED

CommandContextTest > getArg_returnsCorrectArg() PASSED

CommandContextTest > getBoolean_parsesTruthy() PASSED

CommandContextTest > getArg_withDefault_returnsDefaultForMissing() PASSED

CommandContextTest > getRemainingArgs_joinsArgs() PASSED

CommandContextTest > getInt_parsesInteger() PASSED

CommandContextTest > hasArg_returnsTrueForValidIndex() PASSED

Failed to map supporte
d failure 'org.opentes
t4j.AssertionFailedErr
or: Unexpected excepti
on thrown: java.lang.N
oClassDefFoundError: C
ould not initialize cl
ass com.pulse.debug.De
vConsole' with mapper 
'org.gradle.api.intern
al.tasks.testing.failu
re.mappers.OpenTestAss
ertionFailedMapper@c31
77d5': Cannot invoke "
Object.getClass()" bec
ause "obj" is null

> Task :Pulse:test

DevConsoleTest > execute_withNull_doesNotThrow() FAILED
    org.opentest4j.AssertionFailedError at DevConsoleTest.java:29
        Caused by: java.lang.ExceptionInInitializerError at DevConsoleTest.java:29
            Caused by: java.lang.NullPointerException at DevConsoleTest.java:29

DevConsoleTest > execute_withEmptyString_doesNotThrow() FAILED
    org.opentest4j.AssertionFailedError at DevConsoleTest.java:34
        Caused by: java.lang.NoClassDefFoundError at DevConsoleTest.java:34
            Caused by: java.lang.ExceptionInInitializerError at DevConsoleTest.java:29

DevConsoleTest > getInstance_notNull() FAILED
    java.lang.NoClassDefFoundError at DevConsoleTest.java:24
        Caused by: java.lang.ExceptionInInitializerError at DevConsoleTest.java:29

DevConsoleTest > getInstance_returnsSameInstance() FAILED
    java.lang.NoClassDefFoundError at DevConsoleTest.java:17
        Caused by: java.lang.ExceptionInInitializerError at DevConsoleTest.java:29

EventBusTest > subscribe_and_fire_callsListener() PASSED

EventBusTest > getListenerCount_returnsCorrectCount() PASSED

EventBusTest > priority_highCalledFirst() PASSED

EventBusTest > clearAll_removesAllListeners() PASSED

EventBusTest > unsubscribe_removesListener() PASSED

LifecycleManagerTest > registerShutdownHook_isCalledOnShutdown() PASSED

LifecycleManagerTest > multipleHooks_allCalled() PASSED

LifecycleManagerTest > isShuttingDown_initiallyFalse() PASSED

BatchLuaBridgeBenchmarkTest > benchmarkBatchVsDirect() PASSED

LuaBridgeTest > call_withInvalidFunction_returnsNull() PASSED

LuaBridgeTest > getInstance_returnsSameInstance() PASSED

LuaBridgeTest > getGlobal_withNullName_returnsNull() PASSED

LuaBridgeTest > call_withNullFunction_returnsNull() PASSED

LuaBridgeTest > setGlobal_withNullName_doesNotThrow() PASSED

ModLoaderTest > getAllMods_returnsCollection() PASSED

ModLoaderTest > getLoadOrder_returnsUnmodifiableList() PASSED

ModLoaderTest > getModCount_returnsNonNegative() PASSED

ModLoaderTest > getMod_returnsNullForUnknown() PASSED

ModLoaderTest > isModLoaded_returnsFalseForUnknown() PASSED

ModLoaderTest > getModsDirectory_returnsValidPath() PASSED

ModLoaderTest > getInstance_returnsSameInstance() PASSED

GameNetworkBridgeTest > isClient_withoutPZRuntime_returnsFalse() PASSED

GameNetworkBridgeTest > isServer_withoutPZRuntime_returnsFalse() PASSED

GameNetworkBridgeTest > getInstance_notNull() PASSED

GameNetworkBridgeTest > reconnect_doesNotThrow() PASSED

GameNetworkBridgeTest > getInstance_returnsSameInstance() PASSED

PulseSchedulerTest > runTimer_executesMultipleTimes() PASSED

PulseSchedulerTest > runLater_executesAfterDelay() FAILED
    org.opentest4j.AssertionFailedError at PulseSchedulerTest.java:38

PulseSchedulerTest > cancelAll_stopsAllTasks() PASSED

PulseSchedulerTest > getActiveTaskCount_returnsCorrectCount() PASSED

PulseSchedulerTest > cancel_stopsExecution() PASSED

[20:22:10.899] [Pulse/INFO] [Lifecycle] Shutting down Pulse...
[20:22:10.901] [Pulse/
WARN] [Lua] PZ Lua cla
sses not found - runni
ng outside game?
[20:22:10.901] [Pulse/INFO] Unloading all mods...
[20:22:10.902] [Pulse/INFO] All mods unloaded
[20:22:10.902] [Pulse/INFO] [Lifecycle] Pulse shutdown complete

> Task :Pulse:test FAILED

62 tests completed, 5 
failed

FAILURE: Build failed 
with an exception.

* What went wrong:
Execution failed for t
ask ':Pulse:test'.
> There were failing t
ests. See the report a
t: file:///C:/Users/MW
/Downloads/coding/PZ/P
ulse/build/reports/tes
ts/test/index.html

* Try:
> Run with --scan to g
et full insights.

BUILD FAILED in 16s
6 actionable tasks: 2 executed, 4 up-to-date
