<?xml version="1.0" encoding="UTF-8"?>
<testsuite name="com.echo.measure.EchoProfilerTest" tests="8" skipped="0" failures="0" errors="0" timestamp="2025-12-08T11:33:52" hostname="DESKTOP-M9CHBTO" time="0.159">
  <properties/>
  <testcase name="Reset clears all data" classname="com.echo.measure.EchoProfilerTest" time="0.01"/>
  <testcase name="Profiler singleton instance" classname="com.echo.measure.EchoProfilerTest" time="0.001"/>
  <testcase name="Push/Pop records timing data" classname="com.echo.measure.EchoProfilerTest" time="0.022"/>
  <testcase name="Scope API with try-with-resources" classname="com.echo.measure.EchoProfilerTest" time="0.008"/>
  <testcase name="Enable/Disable profiler" classname="com.echo.measure.EchoProfilerTest" time="0.001"/>
  <testcase name="Labeled profiling" classname="com.echo.measure.EchoProfilerTest" time="0.002"/>
  <testcase name="Session duration tracking" classname="com.echo.measure.EchoProfilerTest" time="0.11"/>
  <testcase name="Raw API for zero-allocation" classname="com.echo.measure.EchoProfilerTest" time="0.001"/>
  <system-out><![CDATA[[Echo] All timing data RESET
[Echo] All timing data RESET
[Echo] Profiler ENABLED (stats reset)
[Echo] All timing data RESET
[Echo] Profiler DISABLED
[Echo] All timing data RESET
[Echo] All timing data RESET
[Echo] Profiler ENABLED (stats reset)
[Echo] Profiler DISABLED
[Echo] All timing data RESET
[Echo] All timing data RESET
[Echo] Profiler ENABLED (stats reset)
[Echo] Profiler DISABLED
[Echo] All timing data RESET
[Echo] All timing data RESET
[Echo] Profiler ENABLED (stats reset)
[Echo] Profiler DISABLED
[Echo] All timing data RESET
[Echo] All timing data RESET
[Echo] Profiler ENABLED (stats reset)
[Echo] Profiler DISABLED
[Echo] All timing data RESET
[Echo] Profiler ENABLED (stats reset)
[Echo] Profiler DISABLED
[Echo] All timing data RESET
[Echo] All timing data RESET
[Echo] Profiler ENABLED (stats reset)
[Echo] Profiler DISABLED
[Echo] All timing data RESET
[Echo] All timing data RESET
[Echo] Profiler ENABLED (stats reset)
[Echo] Profiler DISABLED
[Echo] All timing data RESET
[Echo] All timing data RESET
[Echo] Profiler ENABLED (stats reset)
[Echo] Profiler DISABLED
]]></system-out>
  <system-err><![CDATA[]]></system-err>
</testsuite>
