<?xml version="1.0" encoding="UTF-8"?>
<testsuite name="com.echo.measure.EchoProfilerTest" tests="8" skipped="0" failures="5" errors="0" timestamp="2025-12-10T15:34:36" hostname="DESKTOP-M9CHBTO" time="0.247">
  <properties/>
  <testcase name="Reset clears all data" classname="com.echo.measure.EchoProfilerTest" time="0.076">
    <failure message="java.lang.NullPointerException: Cannot invoke &quot;com.echo.aggregate.TimingData.getCallCount()&quot; because &quot;data&quot; is null" type="java.lang.NullPointerException">java.lang.NullPointerException: Cannot invoke &quot;com.echo.aggregate.TimingData.getCallCount()&quot; because &quot;data&quot; is null
	at com.echo.measure.EchoProfilerTest.testReset(EchoProfilerTest.java:112)
	at java.base/java.lang.reflect.Method.invoke(Method.java:568)
	at java.base/java.util.ArrayList.forEach(ArrayList.java:1511)
	at java.base/java.util.ArrayList.forEach(ArrayList.java:1511)
</failure>
  </testcase>
  <testcase name="Profiler singleton instance" classname="com.echo.measure.EchoProfilerTest" time="0.004"/>
  <testcase name="Push/Pop records timing data" classname="com.echo.measure.EchoProfilerTest" time="0.021">
    <failure message="org.opentest4j.AssertionFailedError: expected: not &lt;null&gt;" type="org.opentest4j.AssertionFailedError">org.opentest4j.AssertionFailedError: expected: not &lt;null&gt;
	at app//org.junit.jupiter.api.AssertionFailureBuilder.build(AssertionFailureBuilder.java:152)
	at app//org.junit.jupiter.api.AssertionFailureBuilder.buildAndThrow(AssertionFailureBuilder.java:132)
	at app//org.junit.jupiter.api.AssertNotNull.failNull(AssertNotNull.java:49)
	at app//org.junit.jupiter.api.AssertNotNull.assertNotNull(AssertNotNull.java:35)
	at app//org.junit.jupiter.api.AssertNotNull.assertNotNull(AssertNotNull.java:30)
	at app//org.junit.jupiter.api.Assertions.assertNotNull(Assertions.java:300)
	at app//com.echo.measure.EchoProfilerTest.testPushPop(EchoProfilerTest.java:55)
	at java.base@17.0.12/java.lang.reflect.Method.invoke(Method.java:568)
	at java.base@17.0.12/java.util.ArrayList.forEach(ArrayList.java:1511)
	at java.base@17.0.12/java.util.ArrayList.forEach(ArrayList.java:1511)
</failure>
  </testcase>
  <testcase name="Scope API with try-with-resources" classname="com.echo.measure.EchoProfilerTest" time="0.008">
    <failure message="org.opentest4j.AssertionFailedError: expected: not &lt;null&gt;" type="org.opentest4j.AssertionFailedError">org.opentest4j.AssertionFailedError: expected: not &lt;null&gt;
	at app//org.junit.jupiter.api.AssertionFailureBuilder.build(AssertionFailureBuilder.java:152)
	at app//org.junit.jupiter.api.AssertionFailureBuilder.buildAndThrow(AssertionFailureBuilder.java:132)
	at app//org.junit.jupiter.api.AssertNotNull.failNull(AssertNotNull.java:49)
	at app//org.junit.jupiter.api.AssertNotNull.assertNotNull(AssertNotNull.java:35)
	at app//org.junit.jupiter.api.AssertNotNull.assertNotNull(AssertNotNull.java:30)
	at app//org.junit.jupiter.api.Assertions.assertNotNull(Assertions.java:300)
	at app//com.echo.measure.EchoProfilerTest.testScopeApi(EchoProfilerTest.java:71)
	at java.base@17.0.12/java.lang.reflect.Method.invoke(Method.java:568)
	at java.base@17.0.12/java.util.ArrayList.forEach(ArrayList.java:1511)
	at java.base@17.0.12/java.util.ArrayList.forEach(ArrayList.java:1511)
</failure>
  </testcase>
  <testcase name="Enable/Disable profiler" classname="com.echo.measure.EchoProfilerTest" time="0.005"/>
  <testcase name="Labeled profiling" classname="com.echo.measure.EchoProfilerTest" time="0.004">
    <failure message="java.lang.NullPointerException: Cannot invoke &quot;com.echo.aggregate.TimingData.getLabelStats()&quot; because &quot;data&quot; is null" type="java.lang.NullPointerException">java.lang.NullPointerException: Cannot invoke &quot;com.echo.aggregate.TimingData.getLabelStats()&quot; because &quot;data&quot; is null
	at com.echo.measure.EchoProfilerTest.testLabeledProfiling(EchoProfilerTest.java:96)
	at java.base/java.lang.reflect.Method.invoke(Method.java:568)
	at java.base/java.util.ArrayList.forEach(ArrayList.java:1511)
	at java.base/java.util.ArrayList.forEach(ArrayList.java:1511)
</failure>
  </testcase>
  <testcase name="Session duration tracking" classname="com.echo.measure.EchoProfilerTest" time="0.118"/>
  <testcase name="Raw API for zero-allocation" classname="com.echo.measure.EchoProfilerTest" time="0.004">
    <failure message="java.lang.NullPointerException: Cannot invoke &quot;com.echo.aggregate.TimingData.getCallCount()&quot; because &quot;data&quot; is null" type="java.lang.NullPointerException">java.lang.NullPointerException: Cannot invoke &quot;com.echo.aggregate.TimingData.getCallCount()&quot; because &quot;data&quot; is null
	at com.echo.measure.EchoProfilerTest.testRawApi(EchoProfilerTest.java:83)
	at java.base/java.lang.reflect.Method.invoke(Method.java:568)
	at java.base/java.util.ArrayList.forEach(ArrayList.java:1511)
	at java.base/java.util.ArrayList.forEach(ArrayList.java:1511)
</failure>
  </testcase>
  <system-out><![CDATA[[Echo] Lua call tracker RESET
[Echo] Profiler stats RESET
[Echo] Lua call tracker RESET
[Echo] Profiler stats RESET
[Echo] FreezeDetector started
[Echo] Profiler ENABLED (stats reset)
[Echo] Config loaded from: C:\Users\MW\Zomboid\Echo\echo.json
[Echo] Lua call tracker RESET
[Echo] Profiler stats RESET
[Echo] FreezeDetector stopped
[Echo] Profiler DISABLED
[Echo] Lua call tracker RESET
[Echo] Profiler stats RESET
[Echo] Lua call tracker RESET
[Echo] Profiler stats RESET
[Echo] FreezeDetector started
[Echo] Profiler ENABLED (stats reset)
[Echo] FreezeDetector stopped
[Echo] Profiler DISABLED
[Echo] Lua call tracker RESET
[Echo] Profiler stats RESET
[Echo] Lua call tracker RESET
[Echo] Profiler stats RESET
[Echo] FreezeDetector started
[Echo] Profiler ENABLED (stats reset)
[Echo] FreezeDetector stopped
[Echo] Profiler DISABLED
[Echo] Lua call tracker RESET
[Echo] Profiler stats RESET
[Echo] Lua call tracker RESET
[Echo] Profiler stats RESET
[Echo] FreezeDetector started
[Echo] Profiler ENABLED (stats reset)
[Echo] FreezeDetector stopped
[Echo] Profiler DISABLED
[Echo] Lua call tracker RESET
[Echo] Profiler stats RESET
[Echo] Lua call tracker RESET
[Echo] Profiler stats RESET
[Echo] FreezeDetector started
[Echo] Profiler ENABLED (stats reset)
[Echo] FreezeDetector stopped
[Echo] Profiler DISABLED
[Echo] Lua call tracker RESET
[Echo] Profiler stats RESET
[Echo] FreezeDetector started
[Echo] Profiler ENABLED (stats reset)
[Echo] FreezeDetector stopped
[Echo] Profiler DISABLED
[Echo] Lua call tracker RESET
[Echo] Profiler stats RESET
[Echo] Lua call tracker RESET
[Echo] Profiler stats RESET
[Echo] FreezeDetector started
[Echo] Profiler ENABLED (stats reset)
[Echo] FreezeDetector stopped
[Echo] Profiler DISABLED
[Echo] Lua call tracker RESET
[Echo] Profiler stats RESET
[Echo] Lua call tracker RESET
[Echo] Profiler stats RESET
[Echo] FreezeDetector started
[Echo] Profiler ENABLED (stats reset)
[Echo] FreezeDetector stopped
[Echo] Profiler DISABLED
[Echo] Lua call tracker RESET
[Echo] Profiler stats RESET
[Echo] Lua call tracker RESET
[Echo] Profiler stats RESET
[Echo] FreezeDetector started
[Echo] Profiler ENABLED (stats reset)
[Echo] FreezeDetector stopped
[Echo] Profiler DISABLED
]]></system-out>
  <system-err><![CDATA[]]></system-err>
</testsuite>
