
> Task :compileJava FAILED
.\gradlew.bat : C:\Users\MW\Downloads\coding\PZ\Echo\src\main\java\com\echo\analysis\BottleneckDetector.java:6: error: package com.pulse.api.service.echo does not exist
At line:1 char:1
+ .\gradlew.bat compileJava --stacktrace 2>&1 | Out-String -Width 4096  ...
+ ~~~~~~~~~~~~~~~~~~~~~~~~~~~~~~~~~~~~~~~~~~~
    + CategoryInfo              : NotSpeci    fied: (C:\Users\M    W\Dow... does not     exist:String) []    , RemoteException
    + FullyQualifiedE    rrorId : NativeCo    mmandError
 
import com.pulse.api.service.echo.IBottleneckDetector;
                                 ^
C:\Users\MW\Downloads\coding\PZ\Echo\src\main\java\com\echo\analysis\BottleneckDetector.java:7: error: package com.pulse.api.service.echo does not exist
import com.pulse.api.service.echo.OptimizationPriority;
                                 ^
C:\Users\MW\Downloads\coding\PZ\Echo\src\main\java\com\echo\analysis\BottleneckDetector.java:18: error: cannot find symbol
public class BottleneckDetector implements IBottleneckDetector {
                                           ^
  symbol: class IBottleneckDetector
C:\Users\MW\Downloads\coding\PZ\Echo\src\main\java\com\echo\analysis\BottleneckDetector.java:126: error: cannot find symbol
    public OptimizationPriority suggestFuseTarget() {
           ^
  symbol:   class OptimizationPriority
  location: class BottleneckDetector
C:\Users\MW\Downloads\coding\PZ\Echo\src\main\java\com\echo\analysis\BottleneckDetector.java:147: error: cannot find symbol
    public OptimizationPriority suggestNerveTarget() {
           ^
  symbol:   class OptimizationPriority
  location: class BottleneckDetector
C:\Users\MW\Downloads\coding\PZ\Echo\src\main\java\com\echo\command\EchoCommands.java:5: error: package com.pulse.command does not exist
import com.pulse.command.CommandContext;
                        ^
C:\Users\MW\Downloads\coding\PZ\Echo\src\main\java\com\echo\command\EchoCommands.java:6: error: package com.pulse.command does not exist
import com.pulse.command.CommandRegistry;
                        ^
C:\Users\MW\Downloads\coding\PZ\Echo\src\main\java\com\echo\command\EchoCommands.java:71: error: cannot find symbol
    private static void handleEchoCommand(CommandContext ctx) {
                                          ^
  symbol:   class CommandContext
  location: class EchoCommands
C:\Users\MW\Downloads\coding\PZ\Echo\src\main\java\com\echo\EchoMod.java:12: error: package com.pulse.mod does not exist
import com.pulse.mod.PulseMod;
                    ^
C:\Users\MW\Downloads\coding\PZ\Echo\src\main\java\com\echo\EchoMod.java:19: error: cannot find symbol
public class EchoMod implements PulseMod {
                                ^
  symbol: class PulseMod
C:\Users\MW\Downloads\coding\PZ\Echo\src\main\java\com\echo\event\ProfilerResetEvent.java:3: error: package com.pulse.event does not exist
import com.pulse.event.Event;
                      ^
C:\Users\MW\Downloads\coding\PZ\Echo\src\main\java\com\echo\event\ProfilerResetEvent.java:15: error: cannot find symbol
public class ProfilerResetEvent extends Event {
                                        ^
  symbol: class Event
C:\Users\MW\Downloads\coding\PZ\Echo\src\main\java\com\echo\measure\NetworkMetrics.java:4: error: package com.pulse.api.service.echo does not exist
import com.pulse.api.service.echo.ConnectionQuality;
                                 ^
C:\Users\MW\Downloads\coding\PZ\Echo\src\main\java\com\echo\measure\NetworkMetrics.java:5: error: package com.pulse.api.service.echo does not exist
import com.pulse.api.service.echo.INetworkMetrics;
                                 ^
C:\Users\MW\Downloads\coding\PZ\Echo\src\main\java\com\echo\measure\NetworkMetrics.java:15: error: cannot find symbol
public class NetworkMetrics implements INetworkMetrics {
                                       ^
  symbol: class INetworkMetrics
C:\Users\MW\Downloads\coding\PZ\Echo\src\main\java\com\echo\measure\NetworkMetrics.java:180: error: cannot find symbol
    public ConnectionQuality getConnectionQuality() {
           ^
  symbol:   class ConnectionQuality
  location: class NetworkMetrics
C:\Users\MW\Downloads\coding\PZ\Echo\src\main\java\com\echo\measure\RenderMetrics.java:4: error: package com.pulse.api.service.echo does not exist
import com.pulse.api.service.echo.RenderEfficiency;
                                 ^
C:\Users\MW\Downloads\coding\PZ\Echo\src\main\java\com\echo\measure\RenderMetrics.java:5: error: package com.pulse.api.service.echo does not exist
import com.pulse.api.service.echo.IRenderMetrics;
                                 ^
C:\Users\MW\Downloads\coding\PZ\Echo\src\main\java\com\echo\measure\RenderMetrics.java:17: error: cannot find symbol
public class RenderMetrics implements IRenderMetrics {
                                      ^
  symbol: class IRenderMetrics
C:\Users\MW\Downloads\coding\PZ\Echo\src\main\java\com\echo\measure\RenderMetrics.java:200: error: cannot find symbol
    public RenderEfficiency getRenderEfficiency() {
           ^
  symbol:   class RenderEfficiency
  location: class RenderMetrics
C:\Users\MW\Downloads\coding\PZ\Echo\src\main\java\com\echo\pulse\OptimizationPointSync.java:3: error: package com.pulse.api.optimization does not exist
import com.pulse.api.optimization.OptimizationPointRegistry;
                                 ^
C:\Users\MW\Downloads\coding\PZ\Echo\src\main\java\com\echo\pulse\OptimizationPointSync.java:4: error: package com.pulse.api.optimization.OptimizationPointRegistry does not exist
import com.pulse.api.optimization.OptimizationPointRegistry.OptimizationPointInfo;
                                                           ^
C:\Users\MW\Downloads\coding\PZ\Echo\src\main\java\com\echo\pulse\OptimizationPointSync.java:20: error: cannot find symbol
    private static final Map<String, OptimizationPointInfo> loadedPoints = new ConcurrentHashMap<>();
                                     ^
  symbol:   class OptimizationPointInfo
  location: class OptimizationPointSync
C:\Users\MW\Downloads\coding\PZ\Echo\src\main\java\com\echo\pulse\OptimizationPointSync.java:69: error: cannot find symbol
    public static Collection<OptimizationPointInfo> getPoints() {
                             ^
  symbol:   class OptimizationPointInfo
  location: class OptimizationPointSync
C:\Users\MW\Downloads\coding\PZ\Echo\src\main\java\com\echo\pulse\OptimizationPointSync.java:79: error: cannot find symbol
    public static OptimizationPointInfo getPoint(String id) {
                  ^
  symbol:   class OptimizationPointInfo
  location: class OptimizationPointSync
C:\Users\MW\Downloads\coding\PZ\Echo\src\main\java\com\echo\pulse\OptimizationPointSync.java:113: error: cannot find symbol
    public static Optional<OptimizationPointInfo> findByEchoPrefix(String echoPrefix) {
                           ^
  symbol:   class OptimizationPointInfo
  location: class OptimizationPointSync
C:\Users\MW\Downloads\coding\PZ\Echo\src\main\java\com\echo\pulse\OptimizationPointSync.java:125: error: cannot find symbol
    public static List<OptimizationPointInfo> getPointsByTier(int tier) {
                       ^
  symbol:   class OptimizationPointInfo
  location: class OptimizationPointSync
C:\Users\MW\Downloads\coding\PZ\Echo\src\main\java\com\echo\pulse\PulseEventAdapter.java:6: error: package com.pulse.event does not exist
import com.pulse.event.EventBus;
                      ^
C:\Users\MW\Downloads\coding\PZ\Echo\src\main\java\com\echo\pulse\PulseEventAdapter.java:7: error: package com.pulse.event.lifecycle does not exist
import com.pulse.event.lifecycle.GameTickEvent;
                                ^
C:\Users\MW\Downloads\coding\PZ\Echo\src\main\java\com\echo\pulse\PulseEventAdapter.java:8: error: package com.pulse.event.lifecycle does not exist
import com.pulse.event.lifecycle.GameTickStartEvent;
                                ^
C:\Users\MW\Downloads\coding\PZ\Echo\src\main\java\com\echo\pulse\PulseEventAdapter.java:9: error: package com.pulse.event.lifecycle does not exist
import com.pulse.event.lifecycle.GameTickEndEvent;
                                ^
C:\Users\MW\Downloads\coding\PZ\Echo\src\main\java\com\echo\pulse\PulseEventAdapter.java:10: error: package com.pulse.event.lifecycle does not exist
import com.pulse.event.lifecycle.WorldLoadEvent;
                                ^
C:\Users\MW\Downloads\coding\PZ\Echo\src\main\java\com\echo\pulse\PulseEventAdapter.java:11: error: package com.pulse.event.lifecycle does not exist
import com.pulse.event.lifecycle.WorldUnloadEvent;
                                ^
C:\Users\MW\Downloads\coding\PZ\Echo\src\main\java\com\echo\pulse\PulseEventAdapter.java:12: error: package com.pulse.event.gui does not exist
import com.pulse.event.gui.GuiRenderEvent;
                          ^
C:\Users\MW\Downloads\coding\PZ\Echo\src\main\java\com\echo\ui\EchoExtendedHUD.java:7: error: package com.pulse.api.service.echo does not exist
import com.pulse.api.service.echo.ConnectionQuality;
                                 ^
C:\Users\MW\Downloads\coding\PZ\Echo\src\main\java\com\echo\ui\EchoExtendedHUD.java:8: error: package com.pulse.api.service.echo does not exist
import com.pulse.api.service.echo.RenderEfficiency;
                                 ^
C:\Users\MW\Downloads\coding\PZ\Echo\src\main\java\com\echo\ui\EchoExtendedHUD.java:10: error: package com.pulse.ui does not exist
import com.pulse.ui.HUDOverlay;
                   ^
C:\Users\MW\Downloads\coding\PZ\Echo\src\main\java\com\echo\ui\EchoExtendedHUD.java:11: error: package com.pulse.ui does not exist
import com.pulse.ui.UIRenderContext;
                   ^
C:\Users\MW\Downloads\coding\PZ\Echo\src\main\java\com\echo\ui\EchoExtendedHUD.java:23: error: package HUDOverlay does not exist
public class EchoExtendedHUD extends HUDOverlay.HUDLayer {
                                               ^
C:\Users\MW\Downloads\coding\PZ\Echo\src\main\java\com\echo\ui\EchoExtendedHUD.java:87: error: cannot find symbol
    public void render(UIRenderContext ctx) {
                       ^
  symbol:   class UIRenderContext
  location: class EchoExtendedHUD
C:\Users\MW\Downloads\coding\PZ\Echo\src\main\java\com\echo\ui\EchoExtendedHUD.java:149: error: cannot find symbol
    private void renderExtendedHud(UIRenderContext ctx) {
                                   ^
  symbol:   class UIRenderContext
  location: class EchoExtendedHUD
C:\Users\MW\Downloads\coding\PZ\Echo\src\main\java\com\echo\ui\EchoExtendedHUD.java:185: error: cannot find symbol
    private String qualityToShort(ConnectionQuality quality) {
                                  ^
  symbol:   class ConnectionQuality
  location: class EchoExtendedHUD
C:\Users\MW\Downloads\coding\PZ\Echo\src\main\java\com\echo\ui\EchoHUD.java:10: error: package com.pulse.ui does not exist
import com.pulse.ui.HUDOverlay;
                   ^
C:\Users\MW\Downloads\coding\PZ\Echo\src\main\java\com\echo\ui\EchoHUD.java:11: error: package com.pulse.ui does not exist
import com.pulse.ui.UIRenderContext;
                   ^
C:\Users\MW\Downloads\coding\PZ\Echo\src\main\java\com\echo\ui\EchoHUD.java:24: error: package HUDOverlay does not exist
public class EchoHUD extends HUDOverlay.HUDLayer {
                                       ^
C:\Users\MW\Downloads\coding\PZ\Echo\src\main\java\com\echo\ui\EchoHUD.java:117: error: cannot find symbol
    public void render(UIRenderContext ctx) {
                       ^
  symbol:   class UIRenderContext
  location: class EchoHUD
C:\Users\MW\Downloads\coding\PZ\Echo\src\main\java\com\echo\ui\EchoHUD.java:213: error: cannot find symbol
    private void renderHud(UIRenderContext ctx) {
                           ^
  symbol:   class UIRenderContext
  location: class EchoHUD
C:\Users\MW\Downloads\coding\PZ\Echo\src\main\java\com\echo\ui\HotspotPanel.java:10: error: package com.pulse.ui does not exist
import com.pulse.ui.HUDOverlay;
                   ^
C:\Users\MW\Downloads\coding\PZ\Echo\src\main\java\com\echo\ui\HotspotPanel.java:11: error: package com.pulse.ui does not exist
import com.pulse.ui.UIRenderContext;
                   ^
C:\Users\MW\Downloads\coding\PZ\Echo\src\main\java\com\echo\ui\HotspotPanel.java:12: error: package com.pulse.api.lua does not exist
import com.pulse.api.lua.LuaBudgetManager;
                        ^
C:\Users\MW\Downloads\coding\PZ\Echo\src\main\java\com\echo\ui\HotspotPanel.java:13: error: package com.pulse.api.lua.LuaBudgetManager does not exist
import com.pulse.api.lua.LuaBudgetManager.LuaBudgetStats;
                                         ^
C:\Users\MW\Downloads\coding\PZ\Echo\src\main\java\com\echo\ui\HotspotPanel.java:28: error: package HUDOverlay does not exist
public class HotspotPanel extends HUDOverlay.HUDLayer {
                                            ^
C:\Users\MW\Downloads\coding\PZ\Echo\src\main\java\com\echo\ui\HotspotPanel.java:130: error: cannot find symbol
    public void render(UIRenderContext ctx) {
                       ^
  symbol:   class UIRenderContext
  location: class HotspotPanel
C:\Users\MW\Downloads\coding\PZ\Echo\src\main\java\com\echo\ui\HotspotPanel.java:311: error: cannot find symbol
    private void renderPanel(UIRenderContext ctx) {
                             ^
  symbol:   class UIRenderContext
  location: class HotspotPanel
C:\Users\MW\Downloads\coding\PZ\Echo\src\main\java\com\echo\measure\EchoProfiler.java:103: error: cannot find symbol
    @com.pulse.api.VisibleForTesting
                  ^
  symbol:   class VisibleForTesting
  location: package com.pulse.api
C:\Users\MW\Downloads\coding\PZ\Echo\src\main\java\com\echo\measure\EchoProfiler.java:108: error: cannot find symbol
    @com.pulse.api.VisibleForTesting
                  ^
  symbol:   class VisibleForTesting
  location: package com.pulse.api
C:\Users\MW\Downloads\coding\PZ\Echo\src\main\java\com\echo\aggregate\TimingData.java:223: error: cannot find symbol
        public static final int SAMPLES_PER_SECOND = com.pulse.api.TickContract.TARGET_TICK_RATE;
                                                                               ^
  symbol:   variable TARGET_TICK_RATE
  location: class TickContract
C:\Users\MW\Downloads\coding\PZ\Echo\src\main\java\com\echo\analysis\BottleneckDetector.java:125: error: method does not override or implement a method from a supertype
    @Override
    ^
C:\Users\MW\Downloads\coding\PZ\Echo\src\main\java\com\echo\analysis\BottleneckDetector.java:131: error: cannot find symbol
                return new OptimizationPriority(
                           ^
  symbol:   class OptimizationPriority
  location: class BottleneckDetector
C:\Users\MW\Downloads\coding\PZ\Echo\src\main\java\com\echo\analysis\BottleneckDetector.java:139: error: cannot find symbol
        return new OptimizationPriority("NONE", "No Fuse target identified", 0,
                   ^
  symbol:   class OptimizationPriority
  location: class BottleneckDetector
C:\Users\MW\Downloads\coding\PZ\Echo\src\main\java\com\echo\analysis\BottleneckDetector.java:146: error: method does not override or implement a method from a supertype
    @Override
    ^
C:\Users\MW\Downloads\coding\PZ\Echo\src\main\java\com\echo\analysis\BottleneckDetector.java:152: error: cannot find symbol
                return new OptimizationPriority(
                           ^
  symbol:   class OptimizationPriority
  location: class BottleneckDetector
C:\Users\MW\Downloads\coding\PZ\Echo\src\main\java\com\echo\analysis\BottleneckDetector.java:160: error: cannot find symbol
        return new OptimizationPriority("NONE", "No Nerve target identified", 0,
                   ^
  symbol:   class OptimizationPriority
  location: class BottleneckDetector
C:\Users\MW\Downloads\coding\PZ\Echo\src\main\java\com\echo\analysis\BottleneckDetector.java:230: error: cannot find symbol
        OptimizationPriority fuse = suggestFuseTarget();
        ^
  symbol:   class OptimizationPriority
  location: class BottleneckDetector
C:\Users\MW\Downloads\coding\PZ\Echo\src\main\java\com\echo\analysis\BottleneckDetector.java:232: error: cannot find symbol
        OptimizationPriority nerve = suggestNerveTarget();
        ^
  symbol:   class OptimizationPriority
  location: class BottleneckDetector
C:\Users\MW\Downloads\coding\PZ\Echo\src\main\java\com\echo\command\EchoCommands.java:58: error: cannot find symbol
            CommandRegistry.register("echo", "Echo Profiler 명령어", EchoCommands::handleEchoCommand);
            ^
  symbol:   variable CommandRegistry
  location: class EchoCommands
C:\Users\MW\Downloads\coding\PZ\Echo\src\main\java\com\echo\measure\EchoProfiler.java:84: error: package com.pulse.di does not exist
            com.pulse.di.PulseServiceLocator locator = com.pulse.di.PulseServiceLocator.getInstance();
                        ^
C:\Users\MW\Downloads\coding\PZ\Echo\src\main\java\com\echo\measure\EchoProfiler.java:84: error: package com.pulse.di does not exist
            com.pulse.di.PulseServiceLocator locator = com.pulse.di.PulseServiceLocator.getInstance();
                                                                   ^
C:\Users\MW\Downloads\coding\PZ\Echo\src\main\java\com\echo\config\EchoConfig.java:115: error: package com.pulse.di does not exist
            com.pulse.di.PulseServiceLocator locator = com.pulse.di.PulseServiceLocator.getInstance();
                        ^
C:\Users\MW\Downloads\coding\PZ\Echo\src\main\java\com\echo\config\EchoConfig.java:115: error: package com.pulse.di does not exist
            com.pulse.di.PulseServiceLocator locator = com.pulse.di.PulseServiceLocator.getInstance();
                                                                   ^
C:\Users\MW\Downloads\coding\PZ\Echo\src\main\java\com\echo\config\EchoConfig.java:131: error: package com.pulse.di does not exist
                com.pulse.di.PulseServiceLocator.getInstance().registerService(EchoConfig.class, instance);
                            ^
C:\Users\MW\Downloads\coding\PZ\Echo\src\main\java\com\echo\EchoMod.java:31: error: method does not override or implement a method from a supertype
    @Override
    ^
C:\Users\MW\Downloads\coding\PZ\Echo\src\main\java\com\echo\EchoMod.java:36: error: method does not override or implement a method from a supertype
    @Override
    ^
C:\Users\MW\Downloads\coding\PZ\Echo\src\main\java\com\echo\EchoMod.java:203: error: package com.pulse.di does not exist
            com.pulse.di.PulseServiceLocator locator = com.pulse.di.PulseServiceLocator.getInstance();
                        ^
C:\Users\MW\Downloads\coding\PZ\Echo\src\main\java\com\echo\EchoMod.java:203: error: package com.pulse.di does not exist
            com.pulse.di.PulseServiceLocator locator = com.pulse.di.PulseServiceLocator.getInstance();
                                                                   ^
C:\Users\MW\Downloads\coding\PZ\Echo\src\main\java\com\echo\EchoMod.java:204: error: package com.pulse.api.service.echo does not exist
            locator.registerService(com.pulse.api.service.echo.INetworkMetrics.class,
                                                              ^
C:\Users\MW\Downloads\coding\PZ\Echo\src\main\java\com\echo\EchoMod.java:206: error: package com.pulse.api.service.echo does not exist
            locator.registerService(com.pulse.api.service.echo.IRenderMetrics.class,
                                                              ^
C:\Users\MW\Downloads\coding\PZ\Echo\src\main\java\com\echo\EchoMod.java:208: error: package com.pulse.api.service.echo does not exist
            locator.registerService(com.pulse.api.service.echo.IBottleneckDetector.class,
                                                              ^
C:\Users\MW\Downloads\coding\PZ\Echo\src\main\java\com\echo\lua\LuaCallTracker.java:64: error: package com.pulse.di does not exist
            com.pulse.di.PulseServiceLocator locator = com.pulse.di.PulseServiceLocator.getInstance();
                        ^
C:\Users\MW\Downloads\coding\PZ\Echo\src\main\java\com\echo\lua\LuaCallTracker.java:64: error: package com.pulse.di does not exist
            com.pulse.di.PulseServiceLocator locator = com.pulse.di.PulseServiceLocator.getInstance();
                                                                   ^
C:\Users\MW\Downloads\coding\PZ\Echo\src\main\java\com\echo\measure\NetworkMetrics.java:120: error: method does not override or implement a method from a supertype
    @Override
    ^
C:\Users\MW\Downloads\coding\PZ\Echo\src\main\java\com\echo\measure\NetworkMetrics.java:145: error: method does not override or implement a method from a supertype
    @Override
    ^
C:\Users\MW\Downloads\coding\PZ\Echo\src\main\java\com\echo\measure\NetworkMetrics.java:179: error: method does not override or implement a method from a supertype
    @Override
    ^
C:\Users\MW\Downloads\coding\PZ\Echo\src\main\java\com\echo\measure\NetworkMetrics.java:185: error: cannot find symbol
            return ConnectionQuality.POOR;
                   ^
  symbol:   variable ConnectionQuality
  location: class NetworkMetrics
C:\Users\MW\Downloads\coding\PZ\Echo\src\main\java\com\echo\measure\NetworkMetrics.java:187: error: cannot find symbol
            return ConnectionQuality.FAIR;
                   ^
  symbol:   variable ConnectionQuality
  location: class NetworkMetrics
C:\Users\MW\Downloads\coding\PZ\Echo\src\main\java\com\echo\measure\NetworkMetrics.java:189: error: cannot find symbol
            return ConnectionQuality.GOOD;
                   ^
  symbol:   variable ConnectionQuality
  location: class NetworkMetrics
C:\Users\MW\Downloads\coding\PZ\Echo\src\main\java\com\echo\measure\NetworkMetrics.java:190: error: cannot find symbol
        return ConnectionQuality.EXCELLENT;
               ^
  symbol:   variable ConnectionQuality
  location: class NetworkMetrics
C:\Users\MW\Downloads\coding\PZ\Echo\src\main\java\com\echo\measure\RenderMetrics.java:170: error: method does not override or implement a method from a supertype
    @Override
    ^
C:\Users\MW\Downloads\coding\PZ\Echo\src\main\java\com\echo\measure\RenderMetrics.java:179: error: method does not override or implement a method from a supertype
    @Override
    ^
C:\Users\MW\Downloads\coding\PZ\Echo\src\main\java\com\echo\measure\RenderMetrics.java:199: error: method does not override or implement a method from a supertype
    @Override
    ^
C:\Users\MW\Downloads\coding\PZ\Echo\src\main\java\com\echo\measure\RenderMetrics.java:205: error: cannot find symbol
            return RenderEfficiency.EXCELLENT;
                   ^
  symbol:   variable RenderEfficiency
  location: class RenderMetrics
C:\Users\MW\Downloads\coding\PZ\Echo\src\main\java\com\echo\measure\RenderMetrics.java:207: error: cannot find symbol
            return RenderEfficiency.GOOD;
                   ^
  symbol:   variable RenderEfficiency
  location: class RenderMetrics
C:\Users\MW\Downloads\coding\PZ\Echo\src\main\java\com\echo\measure\RenderMetrics.java:209: error: cannot find symbol
            return RenderEfficiency.FAIR;
                   ^
  symbol:   variable RenderEfficiency
  location: class RenderMetrics
C:\Users\MW\Downloads\coding\PZ\Echo\src\main\java\com\echo\measure\RenderMetrics.java:210: error: cannot find symbol
        return RenderEfficiency.POOR;
               ^
  symbol:   variable RenderEfficiency
  location: class RenderMetrics
C:\Users\MW\Downloads\coding\PZ\Echo\src\main\java\com\echo\pulse\OptimizationPointSync.java:40: error: cannot find symbol
            Collection<OptimizationPointInfo> all = OptimizationPointRegistry.getAll();
                       ^
  symbol:   class OptimizationPointInfo
  location: class OptimizationPointSync
C:\Users\MW\Downloads\coding\PZ\Echo\src\main\java\com\echo\pulse\OptimizationPointSync.java:40: error: cannot find symbol
            Collection<OptimizationPointInfo> all = OptimizationPointRegistry.getAll();
                                                    ^
  symbol:   variable OptimizationPointRegistry
  location: class OptimizationPointSync
C:\Users\MW\Downloads\coding\PZ\Echo\src\main\java\com\echo\pulse\OptimizationPointSync.java:42: error: cannot find symbol
            for (OptimizationPointInfo info : all) {
                 ^
  symbol:   class OptimizationPointInfo
  location: class OptimizationPointSync
C:\Users\MW\Downloads\coding\PZ\Echo\src\main\java\com\echo\pulse\OptimizationPointSync.java:51: error: cannot find symbol
            for (OptimizationPointInfo info : loadedPoints.values()) {
                 ^
  symbol:   class OptimizationPointInfo
  location: class OptimizationPointSync
C:\Users\MW\Downloads\coding\PZ\Echo\src\main\java\com\echo\pulse\PulseEventAdapter.java:46: error: cannot find symbol
        EventBus.subscribe(GameTickStartEvent.class, event -> {
                           ^
  symbol:   class GameTickStartEvent
  location: class PulseEventAdapter
C:\Users\MW\Downloads\coding\PZ\Echo\src\main\java\com\echo\pulse\PulseEventAdapter.java:46: error: cannot find symbol
        EventBus.subscribe(GameTickStartEvent.class, event -> {
        ^
  symbol:   variable EventBus
  location: class PulseEventAdapter
100 errors
only showing the first 100 errors, of 143 total; use -Xmaxerrs if you would like to see more

FAILURE: Build failed with an exception.

* What went wrong:
Execution failed for task ':compileJava'.
> Compilation failed; see the compiler error output for details.

* Try:
> Run with --info option to get more log output.
> Run with --scan to get full insights.

* Exception is:
org.gradle.api.tasks.TaskExecutionException: Execution failed for task ':compileJava'.
	at org.gradle.api.internal.tasks.execution.ExecuteActionsTaskExecuter.lambda$executeIfValid$1(ExecuteActionsTaskExecuter.java:148)
	at org.gradle.internal.Try$Failure.ifSuccessfulOrElse(Try.java:282)
	at org.gradle.api.internal.tasks.execution.ExecuteActionsTaskExecuter.executeIfValid(ExecuteActionsTaskExecuter.java:146)
	at org.gradle.api.internal.tasks.execution.ExecuteActionsTaskExecuter.execute(ExecuteActionsTaskExecuter.java:134)
	at org.gradle.api.internal.tasks.execution.FinalizePropertiesTaskExecuter.execute(FinalizePropertiesTaskExecuter.java:46)
	at org.gradle.api.internal.tasks.execution.ResolveTaskExecutionModeExecuter.execute(ResolveTaskExecutionModeExecuter.java:51)
	at org.gradle.api.internal.tasks.execution.SkipTaskWithNoActionsExecuter.execute(SkipTaskWithNoActionsExecuter.java:57)
	at org.gradle.api.internal.tasks.execution.SkipOnlyIfTaskExecuter.execute(SkipOnlyIfTaskExecuter.java:74)
	at org.gradle.api.internal.tasks.execution.CatchExceptionTaskExecuter.execute(CatchExceptionTaskExecuter.java:36)
	at org.gradle.api.internal.tasks.execution.EventFiringTaskExecuter$1.executeTask(EventFiringTaskExecuter.java:77)
	at org.gradle.api.internal.tasks.execution.EventFiringTaskExecuter$1.call(EventFiringTaskExecuter.java:55)
	at org.gradle.api.internal.tasks.execution.EventFiringTaskExecuter$1.call(EventFiringTaskExecuter.java:52)
	at org.gradle.internal.operations.DefaultBuildOperationRunner$CallableBuildOperationWorker.execute(DefaultBuildOperationRunner.java:204)
	at org.gradle.internal.operations.DefaultBuildOperationRunner$CallableBuildOperationWorker.execute(DefaultBuildOperationRunner.java:199)
	at org.gradle.internal.operations.DefaultBuildOperationRunner$2.execute(DefaultBuildOperationRunner.java:66)
	at org.gradle.internal.operations.DefaultBuildOperationRunner$2.execute(DefaultBuildOperationRunner.java:59)
	at org.gradle.internal.operations.DefaultBuildOperationRunner.execute(DefaultBuildOperationRunner.java:157)
	at org.gradle.internal.operations.DefaultBuildOperationRunner.execute(DefaultBuildOperationRunner.java:59)
	at org.gradle.internal.operations.DefaultBuildOperationRunner.call(DefaultBuildOperationRunner.java:53)
	at org.gradle.internal.operations.DefaultBuildOperationExecutor.call(DefaultBuildOperationExecutor.java:73)
	at org.gradle.api.internal.tasks.execution.EventFiringTaskExecuter.execute(EventFiringTaskExecuter.java:52)
	at org.gradle.execution.plan.LocalTaskNodeExecutor.execute(LocalTaskNodeExecutor.java:42)
	at org.gradle.execution.taskgraph.DefaultTaskExecutionGraph$InvokeNodeExecutorsAction.execute(DefaultTaskExecutionGraph.java:331)
	at org.gradle.execution.taskgraph.DefaultTaskExecutionGraph$InvokeNodeExecutorsAction.execute(DefaultTaskExecutionGraph.java:318)
	at org.gradle.execution.taskgraph.DefaultTaskExecutionGraph$BuildOperationAwareExecutionAction.lambda$execute$0(DefaultTaskExecutionGraph.java:314)
	at org.gradle.internal.operations.CurrentBuildOperationRef.with(CurrentBuildOperationRef.java:80)
	at org.gradle.execution.taskgraph.DefaultTaskExecutionGraph$BuildOperationAwareExecutionAction.execute(DefaultTaskExecutionGraph.java:314)
	at org.gradle.execution.taskgraph.DefaultTaskExecutionGraph$BuildOperationAwareExecutionAction.execute(DefaultTaskExecutionGraph.java:303)
	at org.gradle.execution.plan.DefaultPlanExecutor$ExecutorWorker.execute(DefaultPlanExecutor.java:463)
	at org.gradle.execution.plan.DefaultPlanExecutor$ExecutorWorker.run(DefaultPlanExecutor.java:380)
	at org.gradle.execution.plan.DefaultPlanExecutor.process(DefaultPlanExecutor.java:116)
	at org.gradle.execution.taskgraph.DefaultTaskExecutionGraph.executeWithServices(DefaultTaskExecutionGraph.java:138)
	at org.gradle.execution.taskgraph.DefaultTaskExecutionGraph.execute(DefaultTaskExecutionGraph.java:123)
	at org.gradle.execution.SelectedTaskExecutionAction.execute(SelectedTaskExecutionAction.java:35)
	at org.gradle.execution.DryRunBuildExecutionAction.execute(DryRunBuildExecutionAction.java:51)
	at org.gradle.execution.BuildOperationFiringBuildWorkerExecutor$ExecuteTasks.call(BuildOperationFiringBuildWorkerExecutor.java:54)
	at org.gradle.execution.BuildOperationFiringBuildWorkerExecutor$ExecuteTasks.call(BuildOperationFiringBuildWorkerExecutor.java:43)
	at org.gradle.internal.operations.DefaultBuildOperationRunner$CallableBuildOperationWorker.execute(DefaultBuildOperationRunner.java:204)
	at org.gradle.internal.operations.DefaultBuildOperationRunner$CallableBuildOperationWorker.execute(DefaultBuildOperationRunner.java:199)
	at org.gradle.internal.operations.DefaultBuildOperationRunner$2.execute(DefaultBuildOperationRunner.java:66)
	at org.gradle.internal.operations.DefaultBuildOperationRunner$2.execute(DefaultBuildOperationRunner.java:59)
	at org.gradle.internal.operations.DefaultBuildOperationRunner.execute(DefaultBuildOperationRunner.java:157)
	at org.gradle.internal.operations.DefaultBuildOperationRunner.execute(DefaultBuildOperationRunner.java:59)
	at org.gradle.internal.operations.DefaultBuildOperationRunner.call(DefaultBuildOperationRunner.java:53)
	at org.gradle.internal.operations.DefaultBuildOperationExecutor.call(DefaultBuildOperationExecutor.java:73)
	at org.gradle.execution.BuildOperationFiringBuildWorkerExecutor.execute(BuildOperationFiringBuildWorkerExecutor.java:40)
	at org.gradle.internal.build.DefaultBuildLifecycleController.lambda$executeTasks$10(DefaultBuildLifecycleController.java:313)
	at org.gradle.internal.model.StateTransitionController.doTransition(StateTransitionController.java:266)
	at org.gradle.internal.model.StateTransitionController.lambda$tryTransition$8(StateTransitionController.java:177)
	at org.gradle.internal.work.DefaultSynchronizer.withLock(DefaultSynchronizer.java:44)
	at org.gradle.internal.model.StateTransitionController.tryTransition(StateTransitionController.java:177)
	at org.gradle.internal.build.DefaultBuildLifecycleController.executeTasks(DefaultBuildLifecycleController.java:304)
	at org.gradle.internal.build.DefaultBuildWorkGraphController$DefaultBuildWorkGraph.runWork(DefaultBuildWorkGraphController.java:220)
	at org.gradle.internal.work.DefaultWorkerLeaseService.withLocks(DefaultWorkerLeaseService.java:264)
	at org.gradle.internal.work.DefaultWorkerLeaseService.runAsWorkerThread(DefaultWorkerLeaseService.java:128)
	at org.gradle.composite.internal.DefaultBuildController.doRun(DefaultBuildController.java:181)
	at org.gradle.composite.internal.DefaultBuildController.access$000(DefaultBuildController.java:50)
	at org.gradle.composite.internal.DefaultBuildController$BuildOpRunnable.lambda$run$0(DefaultBuildController.java:198)
	at org.gradle.internal.operations.CurrentBuildOperationRef.with(CurrentBuildOperationRef.java:80)
	at org.gradle.composite.internal.DefaultBuildController$BuildOpRunnable.run(DefaultBuildController.java:198)
	at org.gradle.internal.concurrent.ExecutorPolicy$CatchAndRecordFailures.onExecute(ExecutorPolicy.java:64)
	at org.gradle.internal.concurrent.AbstractManagedExecutor$1.run(AbstractManagedExecutor.java:47)
Caused by: org.gradle.api.internal.tasks.compile.CompilationFailedException: Compilation failed; see the compiler error output for details.
	at org.gradle.api.internal.tasks.compile.JdkJavaCompiler.execute(JdkJavaCompiler.java:57)
	at org.gradle.api.internal.tasks.compile.JdkJavaCompiler.execute(JdkJavaCompiler.java:39)
	at org.gradle.api.internal.tasks.compile.NormalizingJavaCompiler.delegateAndHandleErrors(NormalizingJavaCompiler.java:98)
	at org.gradle.api.internal.tasks.compile.NormalizingJavaCompiler.execute(NormalizingJavaCompiler.java:52)
	at org.gradle.api.internal.tasks.compile.NormalizingJavaCompiler.execute(NormalizingJavaCompiler.java:38)
	at org.gradle.api.internal.tasks.compile.AnnotationProcessorDiscoveringCompiler.execute(AnnotationProcessorDiscoveringCompiler.java:51)
	at org.gradle.api.internal.tasks.compile.AnnotationProcessorDiscoveringCompiler.execute(AnnotationProcessorDiscoveringCompiler.java:37)
	at org.gradle.api.internal.tasks.compile.ModuleApplicationNameWritingCompiler.execute(ModuleApplicationNameWritingCompiler.java:46)
	at org.gradle.api.internal.tasks.compile.ModuleApplicationNameWritingCompiler.execute(ModuleApplicationNameWritingCompiler.java:36)
	at org.gradle.jvm.toolchain.internal.DefaultToolchainJavaCompiler.execute(DefaultToolchainJavaCompiler.java:57)
	at org.gradle.api.tasks.compile.JavaCompile.lambda$createToolchainCompiler$3(JavaCompile.java:202)
	at org.gradle.api.internal.tasks.compile.CleaningJavaCompiler.execute(CleaningJavaCompiler.java:53)
	at org.gradle.api.internal.tasks.compile.incremental.IncrementalCompilerFactory.lambda$createRebuildAllCompiler$0(IncrementalCompilerFactory.java:52)
	at org.gradle.api.internal.tasks.compile.incremental.SelectiveCompiler.execute(SelectiveCompiler.java:70)
	at org.gradle.api.internal.tasks.compile.incremental.SelectiveCompiler.execute(SelectiveCompiler.java:44)
	at org.gradle.api.internal.tasks.compile.incremental.IncrementalResultStoringCompiler.execute(IncrementalResultStoringCompiler.java:66)
	at org.gradle.api.internal.tasks.compile.incremental.IncrementalResultStoringCompiler.execute(IncrementalResultStoringCompiler.java:52)
	at org.gradle.api.internal.tasks.compile.CompileJavaBuildOperationReportingCompiler$1.call(CompileJavaBuildOperationReportingCompiler.java:64)
	at org.gradle.api.internal.tasks.compile.CompileJavaBuildOperationReportingCompiler$1.call(CompileJavaBuildOperationReportingCompiler.java:48)
	at org.gradle.internal.operations.DefaultBuildOperationRunner$CallableBuildOperationWorker.execute(DefaultBuildOperationRunner.java:204)
	at org.gradle.internal.operations.DefaultBuildOperationRunner$CallableBuildOperationWorker.execute(DefaultBuildOperationRunner.java:199)
	at org.gradle.internal.operations.DefaultBuildOperationRunner$2.execute(DefaultBuildOperationRunner.java:66)
	at org.gradle.internal.operations.DefaultBuildOperationRunner$2.execute(DefaultBuildOperationRunner.java:59)
	at org.gradle.internal.operations.DefaultBuildOperationRunner.execute(DefaultBuildOperationRunner.java:157)
	at org.gradle.internal.operations.DefaultBuildOperationRunner.execute(DefaultBuildOperationRunner.java:59)
	at org.gradle.internal.operations.DefaultBuildOperationRunner.call(DefaultBuildOperationRunner.java:53)
	at org.gradle.internal.operations.DefaultBuildOperationExecutor.call(DefaultBuildOperationExecutor.java:73)
	at org.gradle.api.internal.tasks.compile.CompileJavaBuildOperationReportingCompiler.execute(CompileJavaBuildOperationReportingCompiler.java:48)
	at org.gradle.api.tasks.compile.JavaCompile.performCompilation(JavaCompile.java:220)
	at org.gradle.api.tasks.compile.JavaCompile.performIncrementalCompilation(JavaCompile.java:161)
	at org.gradle.api.tasks.compile.JavaCompile.compile(JavaCompile.java:146)
	at java.base/jdk.internal.reflect.NativeMethodAccessorImpl.invoke0(Native Method)
	at java.base/jdk.internal.reflect.NativeMethodAccessorImpl.invoke(NativeMethodAccessorImpl.java:77)
	at java.base/jdk.internal.reflect.DelegatingMethodAccessorImpl.invoke(DelegatingMethodAccessorImpl.java:43)
	at org.gradle.internal.reflect.JavaMethod.invoke(JavaMethod.java:125)
	at org.gradle.api.internal.project.taskfactory.IncrementalTaskAction.doExecute(IncrementalTaskAction.java:45)
	at org.gradle.api.internal.project.taskfactory.StandardTaskAction.execute(StandardTaskAction.java:51)
	at org.gradle.api.internal.project.taskfactory.IncrementalTaskAction.execute(IncrementalTaskAction.java:26)
	at org.gradle.api.internal.project.taskfactory.StandardTaskAction.execute(StandardTaskAction.java:29)
	at org.gradle.api.internal.tasks.execution.TaskExecution$3.run(TaskExecution.java:248)
	at org.gradle.internal.operations.DefaultBuildOperationRunner$1.execute(DefaultBuildOperationRunner.java:29)
	at org.gradle.internal.operations.DefaultBuildOperationRunner$1.execute(DefaultBuildOperationRunner.java:26)
	at org.gradle.internal.operations.DefaultBuildOperationRunner$2.execute(DefaultBuildOperationRunner.java:66)
	at org.gradle.internal.operations.DefaultBuildOperationRunner$2.execute(DefaultBuildOperationRunner.java:59)
	at org.gradle.internal.operations.DefaultBuildOperationRunner.execute(DefaultBuildOperationRunner.java:157)
	at org.gradle.internal.operations.DefaultBuildOperationRunner.execute(DefaultBuildOperationRunner.java:59)
	at org.gradle.internal.operations.DefaultBuildOperationRunner.run(DefaultBuildOperationRunner.java:47)
	at org.gradle.internal.operations.DefaultBuildOperationExecutor.run(DefaultBuildOperationExecutor.java:68)
	at org.gradle.api.internal.tasks.execution.TaskExecution.executeAction(TaskExecution.java:233)
	at org.gradle.api.internal.tasks.execution.TaskExecution.executeActions(TaskExecution.java:216)
	at org.gradle.api.internal.tasks.execution.TaskExecution.executeWithPreviousOutputFiles(TaskExecution.java:199)
	at org.gradle.api.internal.tasks.execution.TaskExecution.execute(TaskExecution.java:166)
	at org.gradle.internal.execution.steps.ExecuteStep.executeInternal(ExecuteStep.java:105)
	at org.gradle.internal.execution.steps.ExecuteStep.access$000(ExecuteStep.java:44)
	at org.gradle.internal.execution.steps.ExecuteStep$1.call(ExecuteStep.java:59)
	at org.gradle.internal.execution.steps.ExecuteStep$1.call(ExecuteStep.java:56)
	at org.gradle.internal.operations.DefaultBuildOperationRunner$CallableBuildOperationWorker.execute(DefaultBuildOperationRunner.java:204)
	at org.gradle.internal.operations.DefaultBuildOperationRunner$CallableBuildOperationWorker.execute(DefaultBuildOperationRunner.java:199)
	at org.gradle.internal.operations.DefaultBuildOperationRunner$2.execute(DefaultBuildOperationRunner.java:66)
	at org.gradle.internal.operations.DefaultBuildOperationRunner$2.execute(DefaultBuildOperationRunner.java:59)
	at org.gradle.internal.operations.DefaultBuildOperationRunner.execute(DefaultBuildOperationRunner.java:157)
	at org.gradle.internal.operations.DefaultBuildOperationRunner.execute(DefaultBuildOperationRunner.java:59)
	at org.gradle.internal.operations.DefaultBuildOperationRunner.call(DefaultBuildOperationRunner.java:53)
	at org.gradle.internal.operations.DefaultBuildOperationExecutor.call(DefaultBuildOperationExecutor.java:73)
	at org.gradle.internal.execution.steps.ExecuteStep.execute(ExecuteStep.java:56)
	at org.gradle.internal.execution.steps.ExecuteStep.execute(ExecuteStep.java:44)
	at org.gradle.internal.execution.steps.RemovePreviousOutputsStep.execute(RemovePreviousOutputsStep.java:67)
	at org.gradle.internal.execution.steps.RemovePreviousOutputsStep.execute(RemovePreviousOutputsStep.java:37)
	at org.gradle.internal.execution.steps.CancelExecutionStep.execute(CancelExecutionStep.java:41)
	at org.gradle.internal.execution.steps.TimeoutStep.executeWithoutTimeout(TimeoutStep.java:74)
	at org.gradle.internal.execution.steps.TimeoutStep.execute(TimeoutStep.java:55)
	at org.gradle.internal.execution.steps.CreateOutputsStep.execute(CreateOutputsStep.java:50)
	at org.gradle.internal.execution.steps.CreateOutputsStep.execute(CreateOutputsStep.java:28)
	at org.gradle.internal.execution.steps.CaptureStateAfterExecutionStep.executeDelegateBroadcastingChanges(CaptureStateAfterExecutionStep.java:100)
	at org.gradle.internal.execution.steps.CaptureStateAfterExecutionStep.execute(CaptureStateAfterExecutionStep.java:72)
	at org.gradle.internal.execution.steps.CaptureStateAfterExecutionStep.execute(CaptureStateAfterExecutionStep.java:50)
	at org.gradle.internal.execution.steps.ResolveInputChangesStep.execute(ResolveInputChangesStep.java:40)
	at org.gradle.internal.execution.steps.ResolveInputChangesStep.execute(ResolveInputChangesStep.java:29)
	at org.gradle.internal.execution.steps.BuildCacheStep.executeWithoutCache(BuildCacheStep.java:179)
	at org.gradle.internal.execution.steps.BuildCacheStep.lambda$execute$1(BuildCacheStep.java:70)
	at org.gradle.internal.Either$Right.fold(Either.java:175)
	at org.gradle.internal.execution.caching.CachingState.fold(CachingState.java:59)
	at org.gradle.internal.execution.steps.BuildCacheStep.execute(BuildCacheStep.java:68)
	at org.gradle.internal.execution.steps.BuildCacheStep.execute(BuildCacheStep.java:46)
	at org.gradle.internal.execution.steps.StoreExecutionStateStep.execute(StoreExecutionStateStep.java:36)
	at org.gradle.internal.execution.steps.StoreExecutionStateStep.execute(StoreExecutionStateStep.java:25)
	at org.gradle.internal.execution.steps.RecordOutputsStep.execute(RecordOutputsStep.java:36)
	at org.gradle.internal.execution.steps.RecordOutputsStep.execute(RecordOutputsStep.java:22)
	at org.gradle.internal.execution.steps.SkipUpToDateStep.executeBecause(SkipUpToDateStep.java:91)
	at org.gradle.internal.execution.steps.SkipUpToDateStep.lambda$execute$2(SkipUpToDateStep.java:55)
	at org.gradle.internal.execution.steps.SkipUpToDateStep.execute(SkipUpToDateStep.java:55)
	at org.gradle.internal.execution.steps.SkipUpToDateStep.execute(SkipUpToDateStep.java:37)
	at org.gradle.internal.execution.steps.ResolveChangesStep.execute(ResolveChangesStep.java:65)
	at org.gradle.internal.execution.steps.ResolveChangesStep.execute(ResolveChangesStep.java:36)
	at org.gradle.internal.execution.steps.legacy.MarkSnapshottingInputsFinishedStep.execute(MarkSnapshottingInputsFinishedStep.java:37)
	at org.gradle.internal.execution.steps.legacy.MarkSnapshottingInputsFinishedStep.execute(MarkSnapshottingInputsFinishedStep.java:27)
	at org.gradle.internal.execution.steps.ResolveCachingStateStep.execute(ResolveCachingStateStep.java:76)
	at org.gradle.internal.execution.steps.ResolveCachingStateStep.execute(ResolveCachingStateStep.java:37)
	at org.gradle.internal.execution.steps.ValidateStep.execute(ValidateStep.java:108)
	at org.gradle.internal.execution.steps.ValidateStep.execute(ValidateStep.java:55)
	at org.gradle.internal.execution.steps.CaptureStateBeforeExecutionStep.execute(CaptureStateBeforeExecutionStep.java:71)
	at org.gradle.internal.execution.steps.CaptureStateBeforeExecutionStep.execute(CaptureStateBeforeExecutionStep.java:45)
	at org.gradle.internal.execution.steps.SkipEmptyWorkStep.executeWithNonEmptySources(SkipEmptyWorkStep.java:177)
	at org.gradle.internal.execution.steps.SkipEmptyWorkStep.execute(SkipEmptyWorkStep.java:86)
	at org.gradle.internal.execution.steps.SkipEmptyWorkStep.execute(SkipEmptyWorkStep.java:53)
	at org.gradle.internal.execution.steps.RemoveUntrackedExecutionStateStep.execute(RemoveUntrackedExecutionStateStep.java:32)
	at org.gradle.internal.execution.steps.RemoveUntrackedExecutionStateStep.execute(RemoveUntrackedExecutionStateStep.java:21)
	at org.gradle.internal.execution.steps.legacy.MarkSnapshottingInputsStartedStep.execute(MarkSnapshottingInputsStartedStep.java:38)
	at org.gradle.internal.execution.steps.LoadPreviousExecutionStateStep.execute(LoadPreviousExecutionStateStep.java:36)
	at org.gradle.internal.execution.steps.LoadPreviousExecutionStateStep.execute(LoadPreviousExecutionStateStep.java:23)
	at org.gradle.internal.execution.steps.CleanupStaleOutputsStep.execute(CleanupStaleOutputsStep.java:75)
	at org.gradle.internal.execution.steps.CleanupStaleOutputsStep.execute(CleanupStaleOutputsStep.java:41)
	at org.gradle.internal.execution.steps.ExecuteWorkBuildOperationFiringStep.lambda$execute$2(ExecuteWorkBuildOperationFiringStep.java:66)
	at org.gradle.internal.execution.steps.ExecuteWorkBuildOperationFiringStep.execute(ExecuteWorkBuildOperationFiringStep.java:66)
	at org.gradle.internal.execution.steps.ExecuteWorkBuildOperationFiringStep.execute(ExecuteWorkBuildOperationFiringStep.java:38)
	at org.gradle.internal.execution.steps.AssignWorkspaceStep.lambda$execute$0(AssignWorkspaceStep.java:32)
	at org.gradle.api.internal.tasks.execution.TaskExecution$4.withWorkspace(TaskExecution.java:293)
	at org.gradle.internal.execution.steps.AssignWorkspaceStep.execute(AssignWorkspaceStep.java:30)
	at org.gradle.internal.execution.steps.AssignWorkspaceStep.execute(AssignWorkspaceStep.java:21)
	at org.gradle.internal.execution.steps.IdentityCacheStep.execute(IdentityCacheStep.java:37)
	at org.gradle.internal.execution.steps.IdentityCacheStep.execute(IdentityCacheStep.java:27)
	at org.gradle.internal.execution.steps.IdentifyStep.execute(IdentifyStep.java:47)
	at org.gradle.internal.execution.steps.IdentifyStep.execute(IdentifyStep.java:34)
	at org.gradle.internal.execution.impl.DefaultExecutionEngine$1.execute(DefaultExecutionEngine.java:64)
	at org.gradle.api.internal.tasks.execution.ExecuteActionsTaskExecuter.executeIfValid(ExecuteActionsTaskExecuter.java:145)
1 actionable task: 1 executed
	at org.gradle.api.internal.tasks.execution.ExecuteActionsTaskExecuter.execute(ExecuteActionsTaskExecuter.java:134)
	at org.gradle.api.internal.tasks.execution.FinalizePropertiesTaskExecuter.execute(FinalizePropertiesTaskExecuter.java:46)
	at org.gradle.api.internal.tasks.execution.ResolveTaskExecutionModeExecuter.execute(ResolveTaskExecutionModeExecuter.java:51)
	at org.gradle.api.internal.tasks.execution.SkipTaskWithNoActionsExecuter.execute(SkipTaskWithNoActionsExecuter.java:57)
	at org.gradle.api.internal.tasks.execution.SkipOnlyIfTaskExecuter.execute(SkipOnlyIfTaskExecuter.java:74)
	at org.gradle.api.internal.tasks.execution.CatchExceptionTaskExecuter.execute(CatchExceptionTaskExecuter.java:36)
	at org.gradle.api.internal.tasks.execution.EventFiringTaskExecuter$1.executeTask(EventFiringTaskExecuter.java:77)
	at org.gradle.api.internal.tasks.execution.EventFiringTaskExecuter$1.call(EventFiringTaskExecuter.java:55)
	at org.gradle.api.internal.tasks.execution.EventFiringTaskExecuter$1.call(EventFiringTaskExecuter.java:52)
	at org.gradle.internal.operations.DefaultBuildOperationRunner$CallableBuildOperationWorker.execute(DefaultBuildOperationRunner.java:204)
	at org.gradle.internal.operations.DefaultBuildOperationRunner$CallableBuildOperationWorker.execute(DefaultBuildOperationRunner.java:199)
	at org.gradle.internal.operations.DefaultBuildOperationRunner$2.execute(DefaultBuildOperationRunner.java:66)
	at org.gradle.internal.operations.DefaultBuildOperationRunner$2.execute(DefaultBuildOperationRunner.java:59)
	at org.gradle.internal.operations.DefaultBuildOperationRunner.execute(DefaultBuildOperationRunner.java:157)
	at org.gradle.internal.operations.DefaultBuildOperationRunner.execute(DefaultBuildOperationRunner.java:59)
	at org.gradle.internal.operations.DefaultBuildOperationRunner.call(DefaultBuildOperationRunner.java:53)
	at org.gradle.internal.operations.DefaultBuildOperationExecutor.call(DefaultBuildOperationExecutor.java:73)
	at org.gradle.api.internal.tasks.execution.EventFiringTaskExecuter.execute(EventFiringTaskExecuter.java:52)
	at org.gradle.execution.plan.LocalTaskNodeExecutor.execute(LocalTaskNodeExecutor.java:42)
	at org.gradle.execution.taskgraph.DefaultTaskExecutionGraph$InvokeNodeExecutorsAction.execute(DefaultTaskExecutionGraph.java:331)
	at org.gradle.execution.taskgraph.DefaultTaskExecutionGraph$InvokeNodeExecutorsAction.execute(DefaultTaskExecutionGraph.java:318)
	at org.gradle.execution.taskgraph.DefaultTaskExecutionGraph$BuildOperationAwareExecutionAction.lambda$execute$0(DefaultTaskExecutionGraph.java:314)
	at org.gradle.internal.operations.CurrentBuildOperationRef.with(CurrentBuildOperationRef.java:80)
	at org.gradle.execution.taskgraph.DefaultTaskExecutionGraph$BuildOperationAwareExecutionAction.execute(DefaultTaskExecutionGraph.java:314)
	at org.gradle.execution.taskgraph.DefaultTaskExecutionGraph$BuildOperationAwareExecutionAction.execute(DefaultTaskExecutionGraph.java:303)
	at org.gradle.execution.plan.DefaultPlanExecutor$ExecutorWorker.execute(DefaultPlanExecutor.java:463)
	at org.gradle.execution.plan.DefaultPlanExecutor$ExecutorWorker.run(DefaultPlanExecutor.java:380)
	at org.gradle.execution.plan.DefaultPlanExecutor.process(DefaultPlanExecutor.java:116)
	at org.gradle.execution.taskgraph.DefaultTaskExecutionGraph.executeWithServices(DefaultTaskExecutionGraph.java:138)
	at org.gradle.execution.taskgraph.DefaultTaskExecutionGraph.execute(DefaultTaskExecutionGraph.java:123)
	at org.gradle.execution.SelectedTaskExecutionAction.execute(SelectedTaskExecutionAction.java:35)
	at org.gradle.execution.DryRunBuildExecutionAction.execute(DryRunBuildExecutionAction.java:51)
	at org.gradle.execution.BuildOperationFiringBuildWorkerExecutor$ExecuteTasks.call(BuildOperationFiringBuildWorkerExecutor.java:54)
	at org.gradle.execution.BuildOperationFiringBuildWorkerExecutor$ExecuteTasks.call(BuildOperationFiringBuildWorkerExecutor.java:43)
	at org.gradle.internal.operations.DefaultBuildOperationRunner$CallableBuildOperationWorker.execute(DefaultBuildOperationRunner.java:204)
	at org.gradle.internal.operations.DefaultBuildOperationRunner$CallableBuildOperationWorker.execute(DefaultBuildOperationRunner.java:199)
	at org.gradle.internal.operations.DefaultBuildOperationRunner$2.execute(DefaultBuildOperationRunner.java:66)
	at org.gradle.internal.operations.DefaultBuildOperationRunner$2.execute(DefaultBuildOperationRunner.java:59)
	at org.gradle.internal.operations.DefaultBuildOperationRunner.execute(DefaultBuildOperationRunner.java:157)
	at org.gradle.internal.operations.DefaultBuildOperationRunner.execute(DefaultBuildOperationRunner.java:59)
	at org.gradle.internal.operations.DefaultBuildOperationRunner.call(DefaultBuildOperationRunner.java:53)
	at org.gradle.internal.operations.DefaultBuildOperationExecutor.call(DefaultBuildOperationExecutor.java:73)
	at org.gradle.execution.BuildOperationFiringBuildWorkerExecutor.execute(BuildOperationFiringBuildWorkerExecutor.java:40)
	at org.gradle.internal.build.DefaultBuildLifecycleController.lambda$executeTasks$10(DefaultBuildLifecycleController.java:313)
	at org.gradle.internal.model.StateTransitionController.doTransition(StateTransitionController.java:266)
	at org.gradle.internal.model.StateTransitionController.lambda$tryTransition$8(StateTransitionController.java:177)
	at org.gradle.internal.work.DefaultSynchronizer.withLock(DefaultSynchronizer.java:44)
	at org.gradle.internal.model.StateTransitionController.tryTransition(StateTransitionController.java:177)
	at org.gradle.internal.build.DefaultBuildLifecycleController.executeTasks(DefaultBuildLifecycleController.java:304)
	at org.gradle.internal.build.DefaultBuildWorkGraphController$DefaultBuildWorkGraph.runWork(DefaultBuildWorkGraphController.java:220)
	at org.gradle.internal.work.DefaultWorkerLeaseService.withLocks(DefaultWorkerLeaseService.java:264)
	at org.gradle.internal.work.DefaultWorkerLeaseService.runAsWorkerThread(DefaultWorkerLeaseService.java:128)
	at org.gradle.composite.internal.DefaultBuildController.doRun(DefaultBuildController.java:181)
	at org.gradle.composite.internal.DefaultBuildController.access$000(DefaultBuildController.java:50)
	at org.gradle.composite.internal.DefaultBuildController$BuildOpRunnable.lambda$run$0(DefaultBuildController.java:198)
	at org.gradle.internal.operations.CurrentBuildOperationRef.with(CurrentBuildOperationRef.java:80)
	at org.gradle.composite.internal.DefaultBuildController$BuildOpRunnable.run(DefaultBuildController.java:198)
	at org.gradle.internal.concurrent.ExecutorPolicy$CatchAndRecordFailures.onExecute(ExecutorPolicy.java:64)
	at org.gradle.internal.concurrent.AbstractManagedExecutor$1.run(AbstractManagedExecutor.java:47)


BUILD FAILED in 1s

